
~~~~~~~~~~~~~~~~~~~~~~~~~~~~~~~~~~~~~~~~~~~~~~~~~~~~~~~~~~~~~~~~~~~~~~~~~~~~~~~~

dataset_size = 32.00 MB    numObjs = 262144    numCoords = 16    numClusters = 32
Initial cluster centers:
clusters[0] =   0.00   8.00   8.35   1.07   7.63   6.35   4.28  10.00   6.72   3.34   2.51   5.59   2.44   3.35   5.44   2.78
clusters[1] =   1.02   1.22   0.58   5.50   2.22   0.68   8.89   9.14   8.69   2.67   2.72   9.27   8.86   9.32   3.71   5.94
clusters[2] =   1.06   3.44   4.49   5.51   1.72   6.81   2.74   0.34   9.66   5.11   3.94   8.26   0.26   8.72   2.65   0.79
clusters[3] =   1.09   5.65   8.40   5.51   1.24   2.93   6.59   1.55   0.63   7.55   5.17   7.26   1.66   8.13   1.58   5.64
clusters[4] =   2.11   8.89   0.64   9.95   5.82   7.27   1.19   0.69   2.60   6.88   5.37   0.94   8.08   4.10   9.86   8.81
clusters[5] =   2.15   1.10   4.54   9.95   5.33   3.41   5.04   1.90   3.57   9.32   6.60   9.93   9.48   3.50   8.79   3.65
clusters[6] =   2.19   3.31   8.45   9.95   4.84   9.53   8.89   3.10   4.54   1.75   7.82   8.93   0.88   2.90   7.73   8.51
clusters[7] =   2.22   5.52   2.35   9.95   4.36   5.66   2.74   4.31   5.50   4.19   9.05   7.92   2.28   2.31   6.67   3.35
clusters[8] =   3.24   8.76   4.60   4.39   8.94  10.00   7.35   3.45   7.47   3.51   9.25   1.60   8.70   8.28   4.95   6.52
clusters[9] =   3.28   0.97   8.50   4.40   8.45   6.13   1.20   4.66   8.45   5.95   0.48   0.60   0.11   7.68   3.88   1.37
clusters[10] =   3.32   3.19   2.41   4.40   7.96   2.26   5.05   5.86   9.41   8.38   1.70   9.59   1.50   7.08   2.82   6.21
clusters[11] =   4.33   6.41   4.65   8.84   2.54   6.59   9.65   5.00   1.38   7.72   1.90   3.28   7.93   3.06   1.09   9.38
clusters[12] =   4.37   8.63   8.55   8.83   2.05   2.72   3.50   6.21   2.35   0.15   3.13   2.27   9.33   2.46   0.03   4.23
clusters[13] =   4.40   0.84   2.46   8.84   1.56   8.85   7.35   7.42   3.32   2.59   4.35   1.26   0.73   1.86   8.96   9.07
clusters[14] =   4.43   3.06   6.37   8.84   1.07   4.98   1.20   8.62   4.28   5.03   5.57   0.26   2.12   1.26   7.90   3.92
clusters[15] =   5.46   6.28   8.61   3.28   5.66   9.32   5.81   7.76   6.26   4.35   5.79   3.94   8.55   7.23   6.17   7.09
clusters[16] =   5.50   8.51   2.51   3.28   5.17   5.45   9.66   8.97   7.22   6.79   7.01   2.93   9.95   6.63   5.11   1.94
clusters[17] =   5.53   0.72   6.42   3.29   4.68   1.58   3.51   0.18   8.19   9.23   8.23   1.93   1.34   6.04   4.04   6.79
clusters[18] =   6.55   3.95   8.66   7.72   9.27   5.91   8.11   9.31   0.16   8.56   8.44   5.61   7.77   2.01   2.32   9.95
clusters[19] =   6.59   6.16   2.57   7.73   8.78   2.04   1.96   0.52   1.13   0.99   9.66   4.60   9.17   1.42   1.26   4.80
clusters[20] =   6.62   8.38   6.47   7.73   8.29   8.17   5.81   1.73   2.10   3.43   0.88   3.60   0.57   0.81   0.19   9.65
clusters[21] =   6.66   0.59   0.38   7.73   7.80   4.30   9.67   2.93   3.07   5.87   2.11   2.59   1.97   0.22   9.12   4.50
clusters[22] =   7.68   3.82   2.61   2.17   2.38   8.64   4.27   2.07   5.04   5.19   2.31   6.27   8.40   6.19   7.41   7.66
clusters[23] =   7.71   6.03   6.52   2.17   1.89   4.77   8.12   3.28   6.01   7.63   3.54   5.27   9.79   5.59   6.34   2.51
clusters[24] =   7.75   8.25   0.42   2.18   1.40   0.90   1.97   4.48   6.97   0.07   4.76   4.26   1.19   4.99   5.27   7.36
clusters[25] =   8.77   1.48   2.67   6.61   5.98   5.23   6.57   3.62   8.94   9.40   4.97   7.95   7.61   0.97   3.55   0.52
clusters[26] =   8.80   3.69   6.57   6.61   5.50   1.36   0.42   4.83   9.92   1.84   6.19   6.94   9.02   0.37   2.49   5.38
clusters[27] =   8.84   5.90   0.48   6.62   5.01   7.49   4.28   6.03   0.88   4.27   7.41   5.93   0.41   9.77   1.42   0.22
clusters[28] =   8.87   8.12   4.39   6.62   4.52   3.62   8.13   7.24   1.85   6.71   8.63   4.92   1.81   9.17   0.35   5.07
clusters[29] =   9.90   1.35   6.63   1.06   9.10   7.96   2.73   6.38   3.82   6.04   8.85   8.61   8.24   5.14   8.64   8.24
clusters[30] =   9.93   3.57   0.54   1.06   8.61   4.09   6.58   7.58   4.79   8.48   0.07   7.60   9.64   4.54   7.57   3.08
clusters[31] =   9.97   5.78   4.44   1.06   8.12   0.21   0.43   8.79   5.76   0.90   1.29   6.59   1.04   3.95   6.50   7.93

OpenMP Kmeans - Lock (nosync)	(number of threads: 16)
	completed loop 1	completed loop 2	completed loop 3	completed loop 4	completed loop 5	completed loop 6	completed loop 7	completed loop 8	completed loop 9	completed loop 10
        nloops =  10   (total =  0.7570s)  (per loop =  0.0757s)

Final cluster centers:
clusters[0] =   2.72   6.39   6.69   2.61   6.38   5.71   5.58   6.70   5.22   3.96   3.98   5.85   3.54   2.69   4.63   2.90 
clusters[1] =   3.79   2.96   3.54   5.43   3.67   2.88   6.89   6.77   5.62   2.83   4.41   6.60   7.01   6.69   5.49   5.44 
clusters[2] =   3.29   4.93   5.17   5.09   2.61   6.50   3.30   3.27   7.47   4.35   3.78   6.38   3.62   6.68   4.04   2.72 
clusters[3] =   2.83   5.37   6.47   2.94   3.40   3.72   5.51   3.65   2.33   5.94   5.46   6.44   3.18   6.65   3.63   5.76 
clusters[4] =   3.92   7.06   3.78   6.80   6.25   5.27   2.98   3.63   4.34   6.78   4.66   2.78   5.83   5.82   7.18   6.71 
clusters[5] =   2.98   3.51   6.25   6.77   5.72   3.96   4.59   3.30   4.07   6.81   5.65   7.03   7.18   5.69   6.79   3.19 
clusters[6] =   4.88   3.86   7.43   6.85   4.44   6.38   7.20   3.24   5.62   3.21   6.21   6.48   3.51   4.47   6.85   6.38 
clusters[7] =   3.36   7.19   2.95   7.01   4.65   5.70   3.64   5.66   5.32   4.69   7.04   7.35   3.75   3.01   6.63   4.78 
clusters[8] =   3.40   6.65   3.90   4.03   7.05   6.52   6.94   2.72   6.39   3.26   6.38   4.02   6.28   6.53   4.25   5.33 
clusters[9] =   4.73   2.71   6.60   5.27   7.35   5.51   3.73   5.04   5.93   4.85   3.14   2.50   4.50   7.07   4.08   2.88 
clusters[10] =   3.62   4.31   3.37   4.96   6.95   3.91   4.85   5.82   7.12   6.93   3.21   6.81   3.29   6.24   3.51   6.89 
clusters[11] =   3.66   5.39   3.38   5.92   2.66   5.73   6.69   4.28   4.03   7.20   3.04   4.18   6.47   3.52   2.80   6.48 
clusters[12] =   3.62   6.72   6.30   6.87   3.18   3.72   4.00   5.64   3.28   2.70   3.23   3.44   6.68   4.29   3.43   3.48 
clusters[13] =   4.44   2.93   2.97   4.85   3.74   7.05   6.39   7.22   4.85   3.40   5.06   2.88   3.10   4.15   5.73   6.71 
clusters[14] =   5.47   3.38   6.28   5.90   2.62   4.18   2.84   6.69   3.98   6.51   5.10   3.39   3.30   3.08   6.55   3.29 
clusters[15] =   5.03   6.27   7.26   4.24   3.75   7.27   4.53   7.41   6.03   4.29   5.07   3.78   6.89   6.99   5.48   6.53 
clusters[16] =   3.62   6.10   3.04   3.42   4.31   3.99   5.94   7.15   6.16   6.54   7.09   2.83   6.41   5.19   5.49   2.78 
clusters[17] =   5.02   2.79   5.71   3.31   4.12   3.64   4.17   2.86   6.84   6.90   6.88   2.73   3.74   4.58   4.29   6.52 
clusters[18] =   4.52   3.85   6.80   5.74   6.98   5.06   6.34   7.04   3.05   6.46   6.45   4.57   6.55   3.08   3.42   6.79 
clusters[19] =   5.35   4.07   3.35   3.71   6.20   3.30   3.65   3.15   2.66   3.04   6.93   4.17   6.73   3.61   3.19   4.15 
clusters[20] =   6.81   6.87   6.28   5.36   6.50   7.11   4.34   3.17   4.09   4.78   3.17   4.22   2.99   3.21   2.94   6.34 
clusters[21] =   5.35   3.68   3.26   5.79   6.51   3.32   7.19   3.01   3.95   4.13   3.40   3.54   3.10   3.49   6.72   3.30 
clusters[22] =   6.12   3.41   3.76   3.46   3.15   7.02   3.45   2.90   4.09   4.30   3.15   5.98   7.00   4.93   6.30   6.84 
clusters[23] =   7.04   6.73   7.17   3.37   3.51   3.95   6.97   3.16   5.68   6.16   3.76   4.93   6.49   5.06   6.56   3.33 
clusters[24] =   6.59   7.41   2.71   3.10   2.88   3.05   4.26   4.48   6.64   3.17   4.96   4.02   3.06   4.74   5.12   5.78 
clusters[25] =   7.27   3.62   3.86   6.13   5.04   6.97   6.44   4.65   7.19   6.47   5.50   6.35   5.78   3.12   3.36   2.79 
clusters[26] =   6.59   4.97   6.45   6.24   5.23   3.03   3.01   5.04   7.58   3.40   5.94   6.24   6.97   3.44   3.38   6.10 
clusters[27] =   6.75   4.63   3.21   5.91   4.47   7.16   4.05   5.73   2.66   3.86   6.07   5.78   3.69   7.38   3.36   2.99 
clusters[28] =   7.11   7.05   5.69   7.11   4.96   3.09   6.95   6.38   4.53   6.22   6.73   4.62   3.25   7.04   3.95   5.11 
clusters[29] =   6.77   3.99   5.50   2.62   6.91   6.52   3.39   5.50   4.55   6.09   7.64   6.95   4.59   5.55   7.01   5.63 
clusters[30] =   6.92   5.70   2.77   3.65   6.71   4.65   4.88   7.06   3.57   6.47   2.47   6.26   6.85   4.87   5.79   3.56 
clusters[31] =   6.38   5.06   6.64   4.52   6.60   2.78   3.75   6.54   3.79   2.90   2.91   5.82   3.36   5.54   6.79   6.97 
